Script started on 2021-01-11 14:18:07+01:00 [TERM="xterm-256color" TTY="/dev/tty2" COLUMNS="54" LINES="22"]
]0;nico@DESKTOP-PCT60GU: /mnt/d/Uni-Projekte/KMPS/Praktika/Praktikum5[01;32mnico@DESKTOP-PCT60GU[00m:[01;34m/mnt/d/Uni-Projekte/KMPS/Praktika/Praktikum5[00m$ node client.js
Client gestartet.
Bitte Client ID eingeben: [s[2K[0GBitte Client ID eingeben: c[28G[s[2K[0GBitte Client ID eingeben: cl[29G[s[2K[0GBitte Client ID eingeben: cli[30G[s[2K[0GBitte Client ID eingeben: clie[31G[s[2K[0GBitte Client ID eingeben: clien[32G[s[2K[0GBitte Client ID eingeben: client[33G[s[2K[0GBitte Client ID eingeben: client1[34G
Client: client1
Keine Tickets
[1G[0Jnumber: Selbstzuw. q: Quit
 [1G
Tickets:
0: ticket0 (nicht zugewiesen)

[1A[1G[0Jnumber: Selbstzuw. q: Quit
 [1G
Tickets:
0: ticket0 (nicht zugewiesen)
1: ticket1 (nicht zugewiesen)

[1A[1G[0Jnumber: Selbstzuw. q: Quit
 [1G
Tickets:
0: ticket0 (nicht zugewiesen)
1: ticket1 (client2)

[1A[1G[0Jnumber: Selbstzuw. q: Quit
 [1G
Tickets:
0: ticket0 (client3)
1: ticket1 (client2)

[1A[1G[0Jnumber: Selbstzuw. q: Quit
 [1G
Tickets:
0: ticket0 (client3)
1: ticket1 (client2)
2: ticket2 (nicht zugewiesen)

[1A[1G[0Jnumber: Selbstzuw. q: Quit
 [1Gq
]0;nico@DESKTOP-PCT60GU: /mnt/d/Uni-Projekte/KMPS/Praktika/Praktikum5[01;32mnico@DESKTOP-PCT60GU[00m:[01;34m/mnt/d/Uni-Projekte/KMPS/Praktika/Praktikum5[00m$ exit
exit

Script done on 2021-01-11 14:19:52+01:00 [COMMAND_EXIT_CODE="0"]
